<?xml version="1.0" encoding="UTF-8"?>
<!-- Generated by org.testng.reporters.JUnitReportReporter -->
<testsuite hostname="DESKTOP-20C0E1D" failures="0" tests="1" name="TestNG.Facebook" time="30.580" errors="0" timestamp="2022-12-18T19:03:06 IST" skipped="0">
  <testcase classname="TestNG.Facebook" name="PositiveTest" time="30.580"/>
  <system-out/>
</testsuite> <!-- TestNG.Facebook -->
