<?xml version="1.0" encoding="UTF-8"?>
<!-- Generated by org.testng.reporters.JUnitReportReporter -->
<testsuite hostname="DESKTOP-20C0E1D" failures="0" tests="2" name="TestNG.Grouping" time="0.056" errors="0" timestamp="2022-12-15T22:45:33 IST" skipped="0">
  <testcase classname="TestNG.Grouping" name="num1" time="0.051"/>
  <system-out/>
  <testcase classname="TestNG.Grouping" name="num2" time="0.005"/>
  <system-out/>
</testsuite> <!-- TestNG.Grouping -->
