<?xml version="1.0" encoding="UTF-8"?>
<!-- Generated by org.testng.reporters.JUnitReportReporter -->
<testsuite hostname="DESKTOP-20C0E1D" failures="0" tests="1" name="TestNG.LoginScenario" time="0.034" errors="0" timestamp="2022-12-15T22:49:02 IST" skipped="0">
  <testcase classname="TestNG.LoginScenario" name="a" time="0.034"/>
  <system-out/>
</testsuite> <!-- TestNG.LoginScenario -->
