<?xml version="1.0" encoding="UTF-8"?>
<!-- Generated by org.testng.reporters.JUnitReportReporter -->
<testsuite hostname="DESKTOP-20C0E1D" failures="0" tests="1" name="UIProgram.ScriptUPF" time="55.882" errors="0" timestamp="2022-12-14T18:54:13 IST" skipped="0">
  <testcase classname="UIProgram.ScriptUPF" name="testFaceBook" time="55.882"/>
  <system-out/>
</testsuite> <!-- UIProgram.ScriptUPF -->
