<?xml version="1.0" encoding="UTF-8"?>
<!-- Generated by org.testng.reporters.JUnitReportReporter -->
<testsuite hostname="DESKTOP-9SURB31" failures="0" tests="1" name="Project.hello" time="0.073" errors="0" timestamp="2022-11-18T13:02:36 IST" skipped="0">
  <testcase classname="Project.hello" name="hello" time="0.073"/>
  <system-out/>
</testsuite> <!-- Project.hello -->
