<?xml version="1.0" encoding="UTF-8"?>
<!-- Generated by org.testng.reporters.JUnitReportReporter -->
<testsuite hostname="DESKTOP-9SURB31" failures="0" tests="1" name="Checkbox.H" time="0.059" errors="0" timestamp="2022-10-10T11:46:49 IST" skipped="0">
  <testcase classname="Checkbox.H" name="helo" time="0.059"/>
  <system-out/>
</testsuite> <!-- Checkbox.H -->
