<?xml version="1.0" encoding="UTF-8"?>
<!-- Generated by org.testng.reporters.JUnitReportReporter -->
<testsuite hostname="DESKTOP-20C0E1D" failures="0" tests="1" name="UIProgram.ScriptFacebook" time="15.510" errors="0" timestamp="2022-12-15T22:32:37 IST" skipped="0">
  <testcase classname="UIProgram.ScriptFacebook" name="test" time="15.510"/>
  <system-out/>
</testsuite> <!-- UIProgram.ScriptFacebook -->
